[debug] [2017-07-21T16:17:21.910Z] ----------------------------------------------------------------------
[debug] [2017-07-21T16:17:21.912Z] Command:      /usr/local/bin/node /usr/local/bin/firebase deploy
[debug] [2017-07-21T16:17:21.913Z] CLI Version:  3.9.1
[debug] [2017-07-21T16:17:21.913Z] Platform:     darwin
[debug] [2017-07-21T16:17:21.913Z] Node Version: v6.6.0
[debug] [2017-07-21T16:17:21.913Z] Time:         Fri Jul 21 2017 11:17:21 GMT-0500 (-05)
[debug] [2017-07-21T16:17:21.914Z] ----------------------------------------------------------------------
[debug] 
[debug] [2017-07-21T16:17:21.930Z] > command requires scopes: ["email","openid","https://www.googleapis.com/auth/cloudplatformprojects.readonly","https://www.googleapis.com/auth/firebase","https://www.googleapis.com/auth/cloud-platform"]
[debug] [2017-07-21T16:17:21.930Z] > authorizing via signed-in user
[debug] [2017-07-21T16:17:21.932Z] > refreshing access token with scopes: ["email","https://www.googleapis.com/auth/cloud-platform","https://www.googleapis.com/auth/cloudplatformprojects.readonly","https://www.googleapis.com/auth/firebase","openid"]
[debug] [2017-07-21T16:17:21.933Z] >>> HTTP REQUEST POST https://www.googleapis.com/oauth2/v3/token { refresh_token: '1/RzxUtOB4exGKzysNxuZpL1JyVO61n9qkQf7iAeKBMaY',
  client_id: '563584335869-fgrhgmd47bqnekij5i8b5pr03ho849e6.apps.googleusercontent.com',
  client_secret: 'j9iVZfS8kkCEFUPaAeJV0sAi',
  grant_type: 'refresh_token',
  scope: 'email https://www.googleapis.com/auth/cloud-platform https://www.googleapis.com/auth/cloudplatformprojects.readonly https://www.googleapis.com/auth/firebase openid' } 
 Fri Jul 21 2017 11:17:21 GMT-0500 (-05)
[debug] [2017-07-21T16:17:22.635Z] <<< HTTP RESPONSE 200
[debug] [2017-07-21T16:17:22.638Z] >>> HTTP REQUEST GET https://admin.firebase.com/v1/projects/domicilios-51b83  
 Fri Jul 21 2017 11:17:22 GMT-0500 (-05)
[debug] [2017-07-21T16:17:24.207Z] <<< HTTP RESPONSE 200
[debug] [2017-07-21T16:17:24.208Z] >>> HTTP REQUEST GET https://admin.firebase.com/v1/database/domicilios-51b83/tokens  
 Fri Jul 21 2017 11:17:24 GMT-0500 (-05)
[debug] [2017-07-21T16:17:25.128Z] <<< HTTP RESPONSE 200
[info] 
[info] === Deploying to 'domicilios-51b83'...
[info] 
[info] i  deploying database, hosting
[info] ✔  database: rules ready to deploy.
[info] i  hosting: preparing public directory for upload...
[debug] [2017-07-21T16:17:35.761Z] >>> HTTP REQUEST PUT https://deploy.firebase.com/v1/hosting/domicilios-51b83/uploads/-Kp_w78xk0SUXP9115y7?fileCount=7608&message=  
 Fri Jul 21 2017 11:17:35 GMT-0500 (-05)
